2025-02-19 09:15:51	SERVER -> CLIENT: 220-cpanel107.dnscpanel.com ESMTP Exim 4.96.2 #2 Wed, 19 Feb 2025 09:15:48 +0000 
220-We do not authorize the use of this system to transport unsolicited, 
220 and/or bulk e-mail.

2025-02-19 09:15:51	CLIENT -> SERVER: EHLO localhost

2025-02-19 09:15:51	SERVER -> CLIENT: 250-cpanel107.dnscpanel.com Hello localhost [213.58.193.37]
250-SIZE 52428800
250-8BITMIME
250-PIPELINING
250-PIPECONNECT
250-AUTH PLAIN LOGIN
250 HELP

2025-02-19 09:15:51	CLIENT -> SERVER: AUTH LOGIN

2025-02-19 09:15:51	SERVER -> CLIENT: 334 VXNlcm5hbWU6

2025-02-19 09:15:51	CLIENT -> SERVER: [credentials hidden]
2025-02-19 09:15:51	SERVER -> CLIENT: 334 UGFzc3dvcmQ6

2025-02-19 09:15:51	CLIENT -> SERVER: [credentials hidden]
2025-02-19 09:15:51	SERVER -> CLIENT: 235 Authentication succeeded

2025-02-19 09:15:51	CLIENT -> SERVER: MAIL FROM:<testes@companhiadamariposa.pt>

2025-02-19 09:15:51	SERVER -> CLIENT: 250 OK

2025-02-19 09:15:51	CLIENT -> SERVER: RCPT TO:<afonsolobo945@gmail.com>

2025-02-19 09:15:51	SERVER -> CLIENT: 250 Accepted

2025-02-19 09:15:51	CLIENT -> SERVER: DATA

2025-02-19 09:15:51	SERVER -> CLIENT: 354 Enter message, ending with "." on a line by itself

2025-02-19 09:15:51	CLIENT -> SERVER: Date: Wed, 19 Feb 2025 10:15:51 +0100

2025-02-19 09:15:51	CLIENT -> SERVER: To: User <afonsolobo945@gmail.com>

2025-02-19 09:15:51	CLIENT -> SERVER: From: OTP Sender <testes@companhiadamariposa.pt>

2025-02-19 09:15:51	CLIENT -> SERVER: Reply-To: OTP Sender <testes@companhiadamariposa.pt>

2025-02-19 09:15:51	CLIENT -> SERVER: Subject: One Time Password - OTP

2025-02-19 09:15:51	CLIENT -> SERVER: Message-ID: <hEGNpOGM6Qncu33bPFaXrsmhvqgBCDezKmBBLgtH8@localhost>

2025-02-19 09:15:51	CLIENT -> SERVER: X-Mailer: PHPMailer 6.9.3 (https://github.com/PHPMailer/PHPMailer)

2025-02-19 09:15:51	CLIENT -> SERVER: MIME-Version: 1.0

2025-02-19 09:15:51	CLIENT -> SERVER: Content-Type: text/html; charset=iso-8859-1

2025-02-19 09:15:51	CLIENT -> SERVER: Content-Transfer-Encoding: 8bit

2025-02-19 09:15:51	CLIENT -> SERVER: 

2025-02-19 09:15:51	CLIENT -> SERVER: Olá, aqui está o seu OTP (One Time Password) <br /><b>681843</b>

2025-02-19 09:15:51	CLIENT -> SERVER: 

2025-02-19 09:15:51	CLIENT -> SERVER: .

2025-02-19 09:15:52	SERVER -> CLIENT: 250 OK id=1tkgBJ-0003mm-15

2025-02-19 09:15:52	CLIENT -> SERVER: QUIT

2025-02-19 09:15:52	SERVER -> CLIENT: 221 cpanel107.dnscpanel.com closing connection

2025-02-19 09:18:45	SERVER -> CLIENT: 220-cpanel107.dnscpanel.com ESMTP Exim 4.96.2 #2 Wed, 19 Feb 2025 09:18:43 +0000 
220-We do not authorize the use of this system to transport unsolicited, 
220 and/or bulk e-mail.

2025-02-19 09:18:45	CLIENT -> SERVER: EHLO localhost

2025-02-19 09:18:45	SERVER -> CLIENT: 250-cpanel107.dnscpanel.com Hello localhost [213.58.193.37]
250-SIZE 52428800
250-8BITMIME
250-PIPELINING
250-PIPECONNECT
250-AUTH PLAIN LOGIN
250 HELP

2025-02-19 09:18:45	CLIENT -> SERVER: AUTH LOGIN

2025-02-19 09:18:45	SERVER -> CLIENT: 334 VXNlcm5hbWU6

2025-02-19 09:18:45	CLIENT -> SERVER: [credentials hidden]
2025-02-19 09:18:45	SERVER -> CLIENT: 334 UGFzc3dvcmQ6

2025-02-19 09:18:45	CLIENT -> SERVER: [credentials hidden]
2025-02-19 09:18:45	SERVER -> CLIENT: 235 Authentication succeeded

2025-02-19 09:18:45	CLIENT -> SERVER: MAIL FROM:<testes@companhiadamariposa.pt>

2025-02-19 09:18:46	SERVER -> CLIENT: 250 OK

2025-02-19 09:18:46	CLIENT -> SERVER: RCPT TO:<afonsolobo945@gmail.com>

2025-02-19 09:18:46	SERVER -> CLIENT: 250 Accepted

2025-02-19 09:18:46	CLIENT -> SERVER: DATA

2025-02-19 09:18:46	SERVER -> CLIENT: 354 Enter message, ending with "." on a line by itself

2025-02-19 09:18:46	CLIENT -> SERVER: Date: Wed, 19 Feb 2025 10:18:45 +0100

2025-02-19 09:18:46	CLIENT -> SERVER: To: User <afonsolobo945@gmail.com>

2025-02-19 09:18:46	CLIENT -> SERVER: From: OTP Sender <testes@companhiadamariposa.pt>

2025-02-19 09:18:46	CLIENT -> SERVER: Reply-To: OTP Sender <testes@companhiadamariposa.pt>

2025-02-19 09:18:46	CLIENT -> SERVER: Subject: One Time Password - OTP

2025-02-19 09:18:46	CLIENT -> SERVER: Message-ID: <kxpQphbeZ0VyJUJhssoONBvZmpassuk2EWS0JKGrXB4@localhost>

2025-02-19 09:18:46	CLIENT -> SERVER: X-Mailer: PHPMailer 6.9.3 (https://github.com/PHPMailer/PHPMailer)

2025-02-19 09:18:46	CLIENT -> SERVER: MIME-Version: 1.0

2025-02-19 09:18:46	CLIENT -> SERVER: Content-Type: text/html; charset=iso-8859-1

2025-02-19 09:18:46	CLIENT -> SERVER: Content-Transfer-Encoding: 8bit

2025-02-19 09:18:46	CLIENT -> SERVER: 

2025-02-19 09:18:46	CLIENT -> SERVER: Olá, aqui está o seu OTP (One Time Password) <br /><b>891731</b>

2025-02-19 09:18:46	CLIENT -> SERVER: 

2025-02-19 09:18:46	CLIENT -> SERVER: .

2025-02-19 09:18:46	SERVER -> CLIENT: 250 OK id=1tkgE8-0004hM-09

2025-02-19 09:18:46	CLIENT -> SERVER: QUIT

2025-02-19 09:18:46	SERVER -> CLIENT: 221 cpanel107.dnscpanel.com closing connection

2025-02-19 09:21:32	SERVER -> CLIENT: 220-cpanel107.dnscpanel.com ESMTP Exim 4.96.2 #2 Wed, 19 Feb 2025 09:21:30 +0000 
220-We do not authorize the use of this system to transport unsolicited, 
220 and/or bulk e-mail.

2025-02-19 09:21:32	CLIENT -> SERVER: EHLO localhost

2025-02-19 09:21:32	SERVER -> CLIENT: 250-cpanel107.dnscpanel.com Hello localhost [213.58.193.37]
250-SIZE 52428800
250-8BITMIME
250-PIPELINING
250-PIPECONNECT
250-AUTH PLAIN LOGIN
250 HELP

2025-02-19 09:21:32	CLIENT -> SERVER: AUTH LOGIN

2025-02-19 09:21:32	SERVER -> CLIENT: 334 VXNlcm5hbWU6

2025-02-19 09:21:32	CLIENT -> SERVER: [credentials hidden]
2025-02-19 09:21:32	SERVER -> CLIENT: 334 UGFzc3dvcmQ6

2025-02-19 09:21:32	CLIENT -> SERVER: [credentials hidden]
2025-02-19 09:21:32	SERVER -> CLIENT: 235 Authentication succeeded

2025-02-19 09:21:32	CLIENT -> SERVER: MAIL FROM:<testes@companhiadamariposa.pt>

2025-02-19 09:21:32	SERVER -> CLIENT: 250 OK

2025-02-19 09:21:32	CLIENT -> SERVER: RCPT TO:<afonsolobo945@gmail.com>

2025-02-19 09:21:32	SERVER -> CLIENT: 250 Accepted

2025-02-19 09:21:32	CLIENT -> SERVER: DATA

2025-02-19 09:21:32	SERVER -> CLIENT: 354 Enter message, ending with "." on a line by itself

2025-02-19 09:21:32	CLIENT -> SERVER: Date: Wed, 19 Feb 2025 10:21:32 +0100

2025-02-19 09:21:32	CLIENT -> SERVER: To: User <afonsolobo945@gmail.com>

2025-02-19 09:21:32	CLIENT -> SERVER: From: OTP Sender <testes@companhiadamariposa.pt>

2025-02-19 09:21:32	CLIENT -> SERVER: Reply-To: OTP Sender <testes@companhiadamariposa.pt>

2025-02-19 09:21:32	CLIENT -> SERVER: Subject: One Time Password - OTP

2025-02-19 09:21:32	CLIENT -> SERVER: Message-ID: <gxcERQJ2qd3VJOAJNLAPEJoDoA8nZku8vfUGG4xSDU@localhost>

2025-02-19 09:21:32	CLIENT -> SERVER: X-Mailer: PHPMailer 6.9.3 (https://github.com/PHPMailer/PHPMailer)

2025-02-19 09:21:32	CLIENT -> SERVER: MIME-Version: 1.0

2025-02-19 09:21:32	CLIENT -> SERVER: Content-Type: text/html; charset=iso-8859-1

2025-02-19 09:21:32	CLIENT -> SERVER: Content-Transfer-Encoding: 8bit

2025-02-19 09:21:32	CLIENT -> SERVER: 

2025-02-19 09:21:32	CLIENT -> SERVER: Olá, aqui está o seu OTP (One Time Password) <br /><b>701693</b>

2025-02-19 09:21:32	CLIENT -> SERVER: 

2025-02-19 09:21:32	CLIENT -> SERVER: .

2025-02-19 09:21:34	SERVER -> CLIENT: 250 OK id=1tkgGo-0005nT-1c

2025-02-19 09:21:34	CLIENT -> SERVER: QUIT

2025-02-19 09:21:34	SERVER -> CLIENT: 221 cpanel107.dnscpanel.com closing connection

